Using pre-set license
Built from '6000.0/staging' branch; Version is '6000.0.37f1 (090b7797214c) revision 592759'; Using compiler version '193933523'; Build Type 'Release'
OS: 'Windows 10  (10.0.19045) 64bit Professional' Language: 'zh' Physical Memory: 32622 MB
BatchMode: 1, IsHumanControllingUs: 0, StartBugReporterOnCrash: 0, Is64bit: 1, IsPro: 1

COMMAND LINE ARGUMENTS:
C:\Program Files\Unity\Hub\Editor\6000.0.37f1\Editor\Unity.exe
-adb2
-batchMode
-noUpm
-name
AssetImportWorker0
-projectPath
D:/00KOLO.TW/00works/00_FGU/Github/2D_PvZ_Record
-logFile
Logs/AssetImportWorker0.log
-srvPort
57497
-job-worker-count
7
-background-job-worker-count
8
-gc-helper-count
1
Successfully changed project path to: D:/00KOLO.TW/00works/00_FGU/Github/2D_PvZ_Record
D:/00KOLO.TW/00works/00_FGU/Github/2D_PvZ_Record
[UnityMemory] Configuration Parameters - Can be set up in boot.config
    "memorysetup-bucket-allocator-granularity=16"
    "memorysetup-bucket-allocator-bucket-count=8"
    "memorysetup-bucket-allocator-block-size=33554432"
    "memorysetup-bucket-allocator-block-count=8"
    "memorysetup-main-allocator-block-size=16777216"
    "memorysetup-thread-allocator-block-size=16777216"
    "memorysetup-gfx-main-allocator-block-size=16777216"
    "memorysetup-gfx-thread-allocator-block-size=16777216"
    "memorysetup-cache-allocator-block-size=4194304"
    "memorysetup-typetree-allocator-block-size=2097152"
    "memorysetup-profiler-bucket-allocator-granularity=16"
    "memorysetup-profiler-bucket-allocator-bucket-count=8"
    "memorysetup-profiler-bucket-allocator-block-size=33554432"
    "memorysetup-profiler-bucket-allocator-block-count=8"
    "memorysetup-profiler-allocator-block-size=16777216"
    "memorysetup-profiler-editor-allocator-block-size=1048576"
    "memorysetup-temp-allocator-size-main=16777216"
    "memorysetup-job-temp-allocator-block-size=2097152"
    "memorysetup-job-temp-allocator-block-size-background=1048576"
    "memorysetup-job-temp-allocator-reduction-small-platforms=262144"
    "memorysetup-allocator-temp-initial-block-size-main=262144"
    "memorysetup-allocator-temp-initial-block-size-worker=262144"
    "memorysetup-temp-allocator-size-background-worker=32768"
    "memorysetup-temp-allocator-size-job-worker=262144"
    "memorysetup-temp-allocator-size-preload-manager=33554432"
    "memorysetup-temp-allocator-size-nav-mesh-worker=65536"
    "memorysetup-temp-allocator-size-audio-worker=65536"
    "memorysetup-temp-allocator-size-cloud-worker=32768"
    "memorysetup-temp-allocator-size-gi-baking-worker=262144"
    "memorysetup-temp-allocator-size-gi-baking-worker=262144"
    "memorysetup-temp-allocator-size-gi-baking-worker=262144"
    "memorysetup-temp-allocator-size-gi-baking-worker=262144"
    "memorysetup-temp-allocator-size-gi-baking-worker=262144"
    "memorysetup-temp-allocator-size-gfx=262144"
Player connection [33580]  Target information:

Player connection [33580]  * "[IP] 169.254.227.86 [Port] 0 [Flags] 2 [Guid] 1216324839 [EditorId] 1216324839 [Version] 1048832 [Id] WindowsEditor(7,KLD) [Debug] 1 [PackageName] WindowsEditor [ProjectName] Editor" 

Player connection [33580]  * "[IP] 192.168.137.119 [Port] 0 [Flags] 2 [Guid] 1216324839 [EditorId] 1216324839 [Version] 1048832 [Id] WindowsEditor(7,KLD) [Debug] 1 [PackageName] WindowsEditor [ProjectName] Editor" 

Player connection [33580] Host joined multi-casting on [225.0.0.222:54997]...
Player connection [33580] Host joined alternative multi-casting on [225.0.0.222:34997]...
JobSystem: Creating JobQueue using job-worker-count value 7
Input System module state changed to: Initialized.
[Physics::Module] Initialized fallback backend.
[Physics::Module] Id: 0xdecafbad
Library Redirect Path: Library/
[Physics::Module] Selected backend.
[Physics::Module] Name: PhysX
[Physics::Module] Id: 0xf2b8ea05
[Physics::Module] SDK Version: 4.1.2
[Physics::Module] Integration Version: 1.0.0
[Physics::Module] Threading Mode: Multi-Threaded
Refreshing native plugins compatible for Editor in 1.21 ms, found 4 plugins.
Preloading 0 native plugins for Editor in 0.00 ms.
Initialize engine version: 6000.0.37f1 (090b7797214c)
[Subsystems] Discovering subsystems at path C:/Program Files/Unity/Hub/Editor/6000.0.37f1/Editor/Data/Resources/UnitySubsystems
[Subsystems] Discovering subsystems at path D:/00KOLO.TW/00works/00_FGU/Github/2D_PvZ_Record/Assets
GfxDevice: creating device client; kGfxThreadingModeNonThreaded
Direct3D:
    Version:  Direct3D 11.0 [level 11.1]
    Renderer: NVIDIA GeForce GTX 1060 6GB (ID=0x1c03)
    Vendor:   NVIDIA
    VRAM:     6029 MB
    Driver:   32.0.15.6094
Initialize mono
Mono path[0] = 'C:/Program Files/Unity/Hub/Editor/6000.0.37f1/Editor/Data/Managed'
Mono path[1] = 'C:/Program Files/Unity/Hub/Editor/6000.0.37f1/Editor/Data/MonoBleedingEdge/lib/mono/unityjit-win32'
Mono config path = 'C:/Program Files/Unity/Hub/Editor/6000.0.37f1/Editor/Data/MonoBleedingEdge/etc'
Using monoOptions --debugger-agent=transport=dt_socket,embedding=1,server=y,suspend=n,address=127.0.0.1:56892
Begin MonoManager ReloadAssembly
Registering precompiled unity dll's ...
Register platform support module: C:/Program Files/Unity/Hub/Editor/6000.0.37f1/Editor/Data/PlaybackEngines/WebGLSupport/UnityEditor.WebGL.Extensions.dll
Register platform support module: C:/Program Files/Unity/Hub/Editor/6000.0.37f1/Editor/Data/PlaybackEngines/WindowsStandaloneSupport/UnityEditor.WindowsStandalone.Extensions.dll
Register platform support module: C:/Program Files/Unity/Hub/Editor/6000.0.37f1/Editor/Data/PlaybackEngines/AndroidPlayer/UnityEditor.Android.Extensions.dll
Registered in 0.004047 seconds.
- Loaded All Assemblies, in  0.414 seconds
Native extension for Android target not found
Android Extension - Scanning For ADB Devices 259 ms
Native extension for WindowsStandalone target not found
Native extension for WebGL target not found
Mono: successfully reloaded assembly
- Finished resetting the current domain, in  0.615 seconds
Domain Reload Profiling: 1027ms
	BeginReloadAssembly (142ms)
		ExecutionOrderSort (0ms)
		DisableScriptedObjects (0ms)
		BackupInstance (0ms)
		ReleaseScriptingObjects (0ms)
		CreateAndSetChildDomain (1ms)
	RebuildCommonClasses (32ms)
	RebuildNativeTypeToScriptingClass (13ms)
	initialDomainReloadingComplete (46ms)
	LoadAllAssembliesAndSetupDomain (179ms)
		LoadAssemblies (141ms)
		RebuildTransferFunctionScriptingTraits (0ms)
		AnalyzeDomain (174ms)
			TypeCache.Refresh (173ms)
				TypeCache.ScanAssembly (159ms)
			BuildScriptInfoCaches (0ms)
			ResolveRequiredComponents (0ms)
	FinalizeReload (615ms)
		ReleaseScriptCaches (0ms)
		RebuildScriptCaches (0ms)
		SetupLoadedEditorAssemblies (577ms)
			LogAssemblyErrors (0ms)
			InitializePlatformSupportModulesInManaged (344ms)
			SetLoadedEditorAssemblies (5ms)
			BeforeProcessingInitializeOnLoad (51ms)
			ProcessInitializeOnLoadAttributes (117ms)
			ProcessInitializeOnLoadMethodAttributes (61ms)
			AfterProcessingInitializeOnLoad (0ms)
			EditorAssembliesLoaded (0ms)
		ExecutionOrderSort2 (0ms)
		AwakeInstancesAfterBackupRestoration (0ms)
========================================================================
Worker process is ready to serve import requests
Import Worker Mode flag is 0x00
Begin MonoManager ReloadAssembly
- Loaded All Assemblies, in  0.595 seconds
Refreshing native plugins compatible for Editor in 0.66 ms, found 4 plugins.
Native extension for Android target not found
Native extension for WindowsStandalone target not found
Native extension for WebGL target not found
Refreshing native plugins compatible for Editor in 1.18 ms, found 4 plugins.
Package Manager log level set to [2]
[Package Manager] Failed to launch server process. Reason: Unity was launched with the -noUpm command-line argument
[Package Manager] Unable to send message (not connected to server process).
[Package Manager] Cannot connect to Unity Package Manager local server
Mono: successfully reloaded assembly
- Finished resetting the current domain, in  0.605 seconds
Domain Reload Profiling: 1198ms
	BeginReloadAssembly (175ms)
		ExecutionOrderSort (0ms)
		DisableScriptedObjects (7ms)
		BackupInstance (0ms)
		ReleaseScriptingObjects (0ms)
		CreateAndSetChildDomain (28ms)
	RebuildCommonClasses (34ms)
	RebuildNativeTypeToScriptingClass (12ms)
	initialDomainReloadingComplete (36ms)
	LoadAllAssembliesAndSetupDomain (337ms)
		LoadAssemblies (309ms)
		RebuildTransferFunctionScriptingTraits (0ms)
		AnalyzeDomain (135ms)
			TypeCache.Refresh (110ms)
				TypeCache.ScanAssembly (98ms)
			BuildScriptInfoCaches (19ms)
			ResolveRequiredComponents (4ms)
	FinalizeReload (605ms)
		ReleaseScriptCaches (0ms)
		RebuildScriptCaches (0ms)
		SetupLoadedEditorAssemblies (502ms)
			LogAssemblyErrors (0ms)
			InitializePlatformSupportModulesInManaged (11ms)
			SetLoadedEditorAssemblies (5ms)
			BeforeProcessingInitializeOnLoad (104ms)
			ProcessInitializeOnLoadAttributes (351ms)
			ProcessInitializeOnLoadMethodAttributes (26ms)
			AfterProcessingInitializeOnLoad (4ms)
			EditorAssembliesLoaded (0ms)
		ExecutionOrderSort2 (0ms)
		AwakeInstancesAfterBackupRestoration (4ms)
Launched and connected shader compiler UnityShaderCompiler.exe after 0.01 seconds
Refreshing native plugins compatible for Editor in 1.20 ms, found 4 plugins.
Preloading 0 native plugins for Editor in 0.00 ms.
Unloading 9 Unused Serialized files (Serialized files now loaded: 0)
Unloading 3221 unused Assets / (0.9 MB). Loaded Objects now: 3704.
Memory consumption went from 83.2 MB to 82.2 MB.
Total: 5.534100 ms (FindLiveObjects: 0.273300 ms CreateObjectMapping: 0.217300 ms MarkObjects: 4.218700 ms  DeleteObjects: 0.823700 ms)

========================================================================
Received Import Request.
  Time since last request: 237553.986490 seconds.
  path: Assets/prefab/KEN 1.prefab
  artifactKey: Guid(cf7d7362881052a46a6c58bfb8555979) Importer(2089858483,192608db42251d675da83286b1cce702)
Start importing Assets/prefab/KEN 1.prefab using Guid(cf7d7362881052a46a6c58bfb8555979) Importer(2089858483,192608db42251d675da83286b1cce702) (ScriptedImporter) -> (artifact id: '16be948466b69cd0b8e8e57af2f592d8') in 0.1242482 seconds
Number of updated asset objects reloaded before import = 0Number of asset objects unloaded after import = 24

========================================================================
Received Import Request.
  Time since last request: 0.000024 seconds.
  path: Assets/prefab/ken.prefab
  artifactKey: Guid(36216173f12f0204e8ec1558984b09d4) Importer(2089858483,192608db42251d675da83286b1cce702)
Start importing Assets/prefab/ken.prefab using Guid(36216173f12f0204e8ec1558984b09d4) Importer(2089858483,192608db42251d675da83286b1cce702) (ScriptedImporter) -> (artifact id: '20e758624b94036f44455476b0e4c764') in 0.073158 seconds
Number of updated asset objects reloaded before import = 0Number of asset objects unloaded after import = 32

========================================================================
Received Import Request.
  Time since last request: 0.000015 seconds.
  path: Assets/img/2d environment/background_compilation__forest_by_jebo14-d7u8lsv.png
  artifactKey: Guid(b45c7f03a32d5954bac5d5968ea74743) Importer(2089858483,192608db42251d675da83286b1cce702)
Start importing Assets/img/2d environment/background_compilation__forest_by_jebo14-d7u8lsv.png using Guid(b45c7f03a32d5954bac5d5968ea74743) Importer(2089858483,192608db42251d675da83286b1cce702) (ScriptedImporter) -> (artifact id: '0039994f18a80f7332aab914ec438308') in 0.0640733 seconds
Number of updated asset objects reloaded before import = 0Number of asset objects unloaded after import = 3

========================================================================
Received Import Request.
  Time since last request: 0.000022 seconds.
  path: Assets/AVProMovieCapture/DemoScenes/TextureCaptureDemo.cs
  artifactKey: Guid(1f519d13df72fce439c800f34395deb7) Importer(2089858483,192608db42251d675da83286b1cce702)
Start importing Assets/AVProMovieCapture/DemoScenes/TextureCaptureDemo.cs using Guid(1f519d13df72fce439c800f34395deb7) Importer(2089858483,192608db42251d675da83286b1cce702) (ScriptedImporter) -> (artifact id: 'a200909db0084e0f82058c6cd0d3b555') in 0.0033955 seconds
Number of updated asset objects reloaded before import = 0Number of asset objects unloaded after import = 0

========================================================================
Received Import Request.
  Time since last request: 0.000054 seconds.
  path: Assets/img/2d spritesheet/naruto/jus_sage_naruto_sprites_sheet_by_pegasusword-d7qhg9r.png
  artifactKey: Guid(c43e51340e9a19c45a0420afc13be479) Importer(2089858483,192608db42251d675da83286b1cce702)
Start importing Assets/img/2d spritesheet/naruto/jus_sage_naruto_sprites_sheet_by_pegasusword-d7qhg9r.png using Guid(c43e51340e9a19c45a0420afc13be479) Importer(2089858483,192608db42251d675da83286b1cce702) (ScriptedImporter) -> (artifact id: '717eb9fdb610914d2343cfe3969e42e2') in 0.0270757 seconds
Number of updated asset objects reloaded before import = 0Number of asset objects unloaded after import = 3

========================================================================
Received Import Request.
  Time since last request: 0.000029 seconds.
  path: Assets/animation/player01.controller
  artifactKey: Guid(6e2bc7e00d92e3b44bb2cbdbd2cd0616) Importer(2089858483,192608db42251d675da83286b1cce702)
Start importing Assets/animation/player01.controller using Guid(6e2bc7e00d92e3b44bb2cbdbd2cd0616) Importer(2089858483,192608db42251d675da83286b1cce702) (ScriptedImporter) -> (artifact id: '0815f3ad4b80c5035d737e98c66ae064') in 0.0217134 seconds
Number of updated asset objects reloaded before import = 0Number of asset objects unloaded after import = 11

========================================================================
Received Import Request.
  Time since last request: 0.000019 seconds.
  path: Assets/animation/ken.controller
  artifactKey: Guid(9bfbf76f44e0a56489bcff0eb2157190) Importer(2089858483,192608db42251d675da83286b1cce702)
Start importing Assets/animation/ken.controller using Guid(9bfbf76f44e0a56489bcff0eb2157190) Importer(2089858483,192608db42251d675da83286b1cce702) (ScriptedImporter) -> (artifact id: '4141cbb01c41df10a7cff356cc8da352') in 0.0054773 seconds
Number of updated asset objects reloaded before import = 0Number of asset objects unloaded after import = 11

========================================================================
Received Import Request.
  Time since last request: 0.000035 seconds.
  path: Assets/img/2d environment/crisis_city__sonic_06__sprites_by_xxbartheanglehogxx-d5nzmnq.png
  artifactKey: Guid(e4e10d35fb6f5864598395574073ed58) Importer(2089858483,192608db42251d675da83286b1cce702)
Start importing Assets/img/2d environment/crisis_city__sonic_06__sprites_by_xxbartheanglehogxx-d5nzmnq.png using Guid(e4e10d35fb6f5864598395574073ed58) Importer(2089858483,192608db42251d675da83286b1cce702) (ScriptedImporter) -> (artifact id: '27014a46e561fc8df8c18d59ec45e5c8') in 0.016987 seconds
Number of updated asset objects reloaded before import = 0Number of asset objects unloaded after import = 3

========================================================================
Received Import Request.
  Time since last request: 0.000016 seconds.
  path: Assets/AVProMovieCapture/DemoScenes/MovieCaptureDemo.unity
  artifactKey: Guid(aac421df044c8404b9bd40c84487a589) Importer(2089858483,192608db42251d675da83286b1cce702)
Start importing Assets/AVProMovieCapture/DemoScenes/MovieCaptureDemo.unity using Guid(aac421df044c8404b9bd40c84487a589) Importer(2089858483,192608db42251d675da83286b1cce702) (ScriptedImporter) -> (artifact id: '2216b37c86805dae67e71c94ef951bdb') in 0.00402 seconds
Number of updated asset objects reloaded before import = 0Number of asset objects unloaded after import = 1

========================================================================
Received Import Request.
  Time since last request: 0.000039 seconds.
  path: Assets/AVProMovieCapture/DemoScenes/MovieCaptureDemo.cs
  artifactKey: Guid(3ba7f85d458d9d041a1180c7018b9d00) Importer(2089858483,192608db42251d675da83286b1cce702)
Start importing Assets/AVProMovieCapture/DemoScenes/MovieCaptureDemo.cs using Guid(3ba7f85d458d9d041a1180c7018b9d00) Importer(2089858483,192608db42251d675da83286b1cce702) (ScriptedImporter) -> (artifact id: '150be65a802d8a009b49f21ffce0f634') in 0.00344 seconds
Number of updated asset objects reloaded before import = 0Number of asset objects unloaded after import = 0

========================================================================
Received Import Request.
  Time since last request: 0.000051 seconds.
  path: Assets/img/2d environment/tree02.png
  artifactKey: Guid(307ffad5ebe3e3846973f562481018c4) Importer(2089858483,192608db42251d675da83286b1cce702)
Start importing Assets/img/2d environment/tree02.png using Guid(307ffad5ebe3e3846973f562481018c4) Importer(2089858483,192608db42251d675da83286b1cce702) (ScriptedImporter) -> (artifact id: 'f2cadd33d9766f22d88803887e15b057') in 0.013672 seconds
Number of updated asset objects reloaded before import = 0Number of asset objects unloaded after import = 3

========================================================================
Received Import Request.
  Time since last request: 0.000015 seconds.
  path: Assets/animation/氣功-03.anim
  artifactKey: Guid(fcf7f300958d9774ebeec817a34727a6) Importer(2089858483,192608db42251d675da83286b1cce702)
Start importing Assets/animation/氣功-03.anim using Guid(fcf7f300958d9774ebeec817a34727a6) Importer(2089858483,192608db42251d675da83286b1cce702) (ScriptedImporter) -> (artifact id: '515026427a5117dc025993488e35fefe') in 0.0084896 seconds
Number of updated asset objects reloaded before import = 0Number of asset objects unloaded after import = 1

========================================================================
Received Import Request.
  Time since last request: 0.000070 seconds.
  path: Assets/AVProMovieCapture/Scripts/AVProMovieCaptureFromScene.cs
  artifactKey: Guid(7d29444a3446e8b4fbe2e76a72d7d598) Importer(2089858483,192608db42251d675da83286b1cce702)
Start importing Assets/AVProMovieCapture/Scripts/AVProMovieCaptureFromScene.cs using Guid(7d29444a3446e8b4fbe2e76a72d7d598) Importer(2089858483,192608db42251d675da83286b1cce702) (ScriptedImporter) -> (artifact id: '25a97a9ef62fcc65bc6c960acb2807d3') in 0.0050256 seconds
Number of updated asset objects reloaded before import = 0Number of asset objects unloaded after import = 0

========================================================================
Received Import Request.
  Time since last request: 0.000165 seconds.
  path: Assets/script.zip
  artifactKey: Guid(2cf10188c27991541afb68b4e97ba0fc) Importer(2089858483,192608db42251d675da83286b1cce702)
Start importing Assets/script.zip using Guid(2cf10188c27991541afb68b4e97ba0fc) Importer(2089858483,192608db42251d675da83286b1cce702) (ScriptedImporter) -> (artifact id: 'bf278b2147d0c6d256b05b385d34476e') in 0.0035461 seconds
Number of updated asset objects reloaded before import = 0Number of asset objects unloaded after import = 1

========================================================================
Received Import Request.
  Time since last request: 0.000055 seconds.
  path: Assets/img.zip
  artifactKey: Guid(2222c5da1c331de4281e1c7380c68348) Importer(2089858483,192608db42251d675da83286b1cce702)
Start importing Assets/img.zip using Guid(2222c5da1c331de4281e1c7380c68348) Importer(2089858483,192608db42251d675da83286b1cce702) (ScriptedImporter) -> (artifact id: 'd35cbafb59f311c13e32e2c9dd53c336') in 0.0020514 seconds
Number of updated asset objects reloaded before import = 0Number of asset objects unloaded after import = 1

========================================================================
Received Import Request.
  Time since last request: 0.000053 seconds.
  path: Assets/script/遊戲管理員.cs
  artifactKey: Guid(05f60ef1184d4bf4e9a2f9e3a5e0be4c) Importer(2089858483,192608db42251d675da83286b1cce702)
Start importing Assets/script/遊戲管理員.cs using Guid(05f60ef1184d4bf4e9a2f9e3a5e0be4c) Importer(2089858483,192608db42251d675da83286b1cce702) (ScriptedImporter) -> (artifact id: 'fd5f8c604b6e618c2e6245ddbb1a595b') in 0.0029153 seconds
Number of updated asset objects reloaded before import = 0Number of asset objects unloaded after import = 0

========================================================================
Received Import Request.
  Time since last request: 0.000062 seconds.
  path: Assets/AVProMovieCapture/Shaders/AVProMovieCapture_RGBA2YCbCr.shader
  artifactKey: Guid(d21befa361dcbc6489decfa310898604) Importer(2089858483,192608db42251d675da83286b1cce702)
Start importing Assets/AVProMovieCapture/Shaders/AVProMovieCapture_RGBA2YCbCr.shader using Guid(d21befa361dcbc6489decfa310898604) Importer(2089858483,192608db42251d675da83286b1cce702) (ScriptedImporter) -> (artifact id: '39a0bc1c562aea0392882b5053d015a0') in 0.0071933 seconds
Number of updated asset objects reloaded before import = 0Number of asset objects unloaded after import = 1

========================================================================
Received Import Request.
  Time since last request: 0.000075 seconds.
  path: Assets/animation/Zangief.controller
  artifactKey: Guid(89b4dd702496fee48beb21e6a5362429) Importer(2089858483,192608db42251d675da83286b1cce702)
Start importing Assets/animation/Zangief.controller using Guid(89b4dd702496fee48beb21e6a5362429) Importer(2089858483,192608db42251d675da83286b1cce702) (ScriptedImporter) -> (artifact id: 'b306e192efce507edff209509223eb07') in 0.0047248 seconds
Number of updated asset objects reloaded before import = 0Number of asset objects unloaded after import = 11

========================================================================
Received Import Request.
  Time since last request: 0.000019 seconds.
  path: Assets/AVProMovieCapture/Shaders/AVProMovieCapture_RedBlueSwap.shader
  artifactKey: Guid(f8dc701632c759e4a8f2ee16201149cd) Importer(2089858483,192608db42251d675da83286b1cce702)
Start importing Assets/AVProMovieCapture/Shaders/AVProMovieCapture_RedBlueSwap.shader using Guid(f8dc701632c759e4a8f2ee16201149cd) Importer(2089858483,192608db42251d675da83286b1cce702) (ScriptedImporter) -> (artifact id: '4618afe8134fda78d0eeef27ee940bb7') in 0.005743 seconds
Number of updated asset objects reloaded before import = 0Number of asset objects unloaded after import = 1

========================================================================
Received Import Request.
  Time since last request: 0.000051 seconds.
  path: Assets/img/2d spritesheet/naruto/jus_sage_naruto_sprites_sheet_by_pegasusword-d7qhg9r1.png
  artifactKey: Guid(469a717d700c7d84baa6979f8be8334b) Importer(2089858483,192608db42251d675da83286b1cce702)
Start importing Assets/img/2d spritesheet/naruto/jus_sage_naruto_sprites_sheet_by_pegasusword-d7qhg9r1.png using Guid(469a717d700c7d84baa6979f8be8334b) Importer(2089858483,192608db42251d675da83286b1cce702) (ScriptedImporter) -> (artifact id: '70263a34db3b8a69339fce2450e85720') in 0.9022913 seconds
Number of updated asset objects reloaded before import = 0Number of asset objects unloaded after import = 402

========================================================================
Received Import Request.
  Time since last request: 0.000024 seconds.
  path: Assets/animation/player01_weapon03.anim
  artifactKey: Guid(0b2343a37da02f54a94d747be011f252) Importer(2089858483,192608db42251d675da83286b1cce702)
Start importing Assets/animation/player01_weapon03.anim using Guid(0b2343a37da02f54a94d747be011f252) Importer(2089858483,192608db42251d675da83286b1cce702) (ScriptedImporter) -> (artifact id: 'c173975845cfba4eb2963cfc2a98009a') in 0.0060318 seconds
Number of updated asset objects reloaded before import = 0Number of asset objects unloaded after import = 1

========================================================================
Received Import Request.
  Time since last request: 0.000022 seconds.
  path: Assets/animation/naruto_weapon.controller
  artifactKey: Guid(786a78776acbf0b468c4923cf2fd3e1e) Importer(2089858483,192608db42251d675da83286b1cce702)
Start importing Assets/animation/naruto_weapon.controller using Guid(786a78776acbf0b468c4923cf2fd3e1e) Importer(2089858483,192608db42251d675da83286b1cce702) (ScriptedImporter) -> (artifact id: '0495a85c94a397809e85c551c953b856') in 0.0040228 seconds
Number of updated asset objects reloaded before import = 0Number of asset objects unloaded after import = 10

========================================================================
Received Import Request.
  Time since last request: 0.000015 seconds.
  path: Assets/AVProMovieCapture/DemoScenes/ding.wav
  artifactKey: Guid(bec3644980842774db12d11690b0d916) Importer(2089858483,192608db42251d675da83286b1cce702)
Start importing Assets/AVProMovieCapture/DemoScenes/ding.wav using Guid(bec3644980842774db12d11690b0d916) Importer(2089858483,192608db42251d675da83286b1cce702) (ScriptedImporter) -> (artifact id: '151ffe5ca1c8c6d8da429c7cb88e2b65') in 0.046002 seconds
Number of updated asset objects reloaded before import = 0Number of asset objects unloaded after import = 1

========================================================================
Received Import Request.
  Time since last request: 0.000058 seconds.
  path: Assets/img/2d spritesheet/streeetFighter/SNES - Super Street Fighter 2 - Ryu.gif
  artifactKey: Guid(301d5a37ef5f73f45a96a85599e78264) Importer(2089858483,192608db42251d675da83286b1cce702)
Start importing Assets/img/2d spritesheet/streeetFighter/SNES - Super Street Fighter 2 - Ryu.gif using Guid(301d5a37ef5f73f45a96a85599e78264) Importer(2089858483,192608db42251d675da83286b1cce702) (ScriptedImporter) -> (artifact id: '9b89ca31d85efe389dbb36efdd9f7487') in 0.0323066 seconds
Number of updated asset objects reloaded before import = 0Number of asset objects unloaded after import = 3

========================================================================
Received Import Request.
  Time since last request: 0.000037 seconds.
  path: Assets/img/2d spritesheet/streeetFighter/SNES - Super Street Fighter 2 - Ken.gif
  artifactKey: Guid(bbe252594fa36e54488c6b93ac6cc53f) Importer(2089858483,192608db42251d675da83286b1cce702)
Start importing Assets/img/2d spritesheet/streeetFighter/SNES - Super Street Fighter 2 - Ken.gif using Guid(bbe252594fa36e54488c6b93ac6cc53f) Importer(2089858483,192608db42251d675da83286b1cce702) (ScriptedImporter) -> (artifact id: '27896884100274d4dadc396a1fc206c9') in 0.0273908 seconds
Number of updated asset objects reloaded before import = 0Number of asset objects unloaded after import = 3

========================================================================
Received Import Request.
  Time since last request: 0.000015 seconds.
  path: Assets/AVProMovieCapture/DemoScenes/WebcamCaptureDemo.unity
  artifactKey: Guid(6ba0f3c85855c684db1ca2bfaa26058a) Importer(2089858483,192608db42251d675da83286b1cce702)
Start importing Assets/AVProMovieCapture/DemoScenes/WebcamCaptureDemo.unity using Guid(6ba0f3c85855c684db1ca2bfaa26058a) Importer(2089858483,192608db42251d675da83286b1cce702) (ScriptedImporter) -> (artifact id: '746186996cc15f0bc8ed3bf6af1bb237') in 0.0057467 seconds
Number of updated asset objects reloaded before import = 0Number of asset objects unloaded after import = 1

========================================================================
Received Import Request.
  Time since last request: 0.000029 seconds.
  path: Assets/AVProMovieCapture/Shaders/AVProMovieCapture_Shared.cginc
  artifactKey: Guid(b0e47eda5b32c3a4cbafcccc9b667dd3) Importer(2089858483,192608db42251d675da83286b1cce702)
Start importing Assets/AVProMovieCapture/Shaders/AVProMovieCapture_Shared.cginc using Guid(b0e47eda5b32c3a4cbafcccc9b667dd3) Importer(2089858483,192608db42251d675da83286b1cce702) (ScriptedImporter) -> (artifact id: '2ff2c805e807a4bcd4d9197b999b850d') in 0.002735 seconds
Number of updated asset objects reloaded before import = 0Number of asset objects unloaded after import = 1

========================================================================
Received Import Request.
  Time since last request: 0.000054 seconds.
  path: Assets/img/2d spritesheet/naruto/RockLee1.png
  artifactKey: Guid(e9f9962b6344dab46be405de2feb6a01) Importer(2089858483,192608db42251d675da83286b1cce702)
Start importing Assets/img/2d spritesheet/naruto/RockLee1.png using Guid(e9f9962b6344dab46be405de2feb6a01) Importer(2089858483,192608db42251d675da83286b1cce702) (ScriptedImporter) -> (artifact id: '273a4e09e9d2965876c82679cf6d3cfc') in 0.2791892 seconds
Number of updated asset objects reloaded before import = 0Number of asset objects unloaded after import = 151

========================================================================
Received Import Request.
  Time since last request: 0.000017 seconds.
  path: Assets/img/2d spritesheet/naruto/Itachi_Sprite_Sheet1.png
  artifactKey: Guid(be465727aa2c0e04b8d943a0fa87a4db) Importer(2089858483,192608db42251d675da83286b1cce702)
Start importing Assets/img/2d spritesheet/naruto/Itachi_Sprite_Sheet1.png using Guid(be465727aa2c0e04b8d943a0fa87a4db) Importer(2089858483,192608db42251d675da83286b1cce702) (ScriptedImporter) -> (artifact id: '093e00bf0deff2a66a7ab078c7bf7774') in 0.0182857 seconds
Number of updated asset objects reloaded before import = 0Number of asset objects unloaded after import = 3

